"../../../Engine/Content/EditorBlueprintResources/StandardMacros.uasset" 0
"../../../Engine/Content/EngineSky/C_Sky_Cloud_Color.uasset" 1
"../../../Engine/Content/EngineSky/C_Sky_Horizon_Color.uasset" 2
"../../../Engine/Content/EngineSky/C_Sky_Zenith_Color.uasset" 3
"../../../Engine/Content/EngineSky/T_Sky_Blue.uasset" 4
"../../../Engine/Content/EngineSky/T_Sky_Clouds_M.uasset" 5
"../../../Engine/Content/EngineSky/T_Sky_Stars.uasset" 6
"../../../Engine/Content/EngineSky/SM_SkySphere.uasset" 7
"../../../Engine/Content/EngineSky/M_Sky_Panning_Clouds2.uasset" 8
"../../../Engine/Content/EngineSky/BP_Sky_Sphere.uasset" 9
"../../../Engine/Content/Functions/Engine_MaterialFunctions01/Opacity/CameraDepthFade.uasset" 10
"../../../Engine/Content/EngineMaterials/T_Default_Material_Grid_M.uasset" 11
"../../../Engine/Content/EngineMaterials/T_Default_Material_Grid_N.uasset" 12
"../../../Engine/Content/EngineMaterials/WorldGridMaterial.uasset" 13
"../../../Framework/Content/Geometry/Meshes/CubeMaterial.uasset" 14
"../../../Framework/Content/Geometry/Meshes/1M_Cube.uasset" 15
"../../../Framework/Content/Geometry/Meshes/1M_Cube_DM.uasset" 16
"../../../Framework/Content/StarterContent/Materials/M_Basic_Wall.uasset" 17
"../../../Framework/Content/StarterContent/Architecture/Pillar_50x500.uasset" 18
"../../../Framework/Content/StarterContent/Architecture/Pillar_50x500_DM.uasset" 19
"../../../Engine/Content/BasicShapes/BasicShapeMaterial.uasset" 20
"../../../Engine/Content/EngineFonts/RobotoDistanceField.uasset" 21
"../../../Engine/Content/Functions/Engine_MaterialFunctions03/Procedurals/ComputeFilterWidth.uasset" 22
"../../../Engine/Content/EngineMaterials/AntiAliasedTextMaterialTranslucent.uasset" 23
"../../../Engine/Content/Functions/Engine_MaterialFunctions02/Utility/BlendAngleCorrectedNormals.uasset" 24
"../../../Framework/Content/StarterContent/Textures/T_Detail_Rocky_N.uasset" 25
"../../../Framework/Content/StarterContent/Textures/T_Rock_Basalt_D.uasset" 26
"../../../Framework/Content/StarterContent/Textures/T_RockMesh_M.uasset" 27
"../../../Framework/Content/StarterContent/Textures/T_RockMesh_N.uasset" 28
"../../../Framework/Content/StarterContent/Props/Materials/M_Rock.uasset" 29
"../../../Engine/Content/BasicShapes/Cube.uasset" 30
"../../../Framework/Content/Geometry/Meshes/1M_Cube_Chamfer.uasset" 31
"../../../Framework/Content/Geometry/Meshes/TemplateFloor.uasset" 32
"../../../Framework/Content/StarterContent/Audio/Smoke01.uasset" 33
"../../../Framework/Content/StarterContent/Textures/T_Dust_Particle_D.uasset" 34
"../../../Framework/Content/StarterContent/Particles/Materials/M_Dust_Particle.uasset" 35
"../../../Framework/Content/StarterContent/Particles/P_Ambient_Dust.uasset" 36
"../../../Framework/Content/StarterContent/Textures/T_Burst_M.uasset" 37
"../../../Framework/Content/StarterContent/Particles/Materials/M_Burst.uasset" 38
"../../../Framework/Content/StarterContent/Textures/T_Explosion_SubUV.uasset" 39
"../../../Framework/Content/StarterContent/Particles/Materials/M_explosion_subUV.uasset" 40
"../../../Framework/Content/StarterContent/Particles/Materials/m_flare_01.uasset" 41
"../../../Engine/Content/Functions/Engine_MaterialFunctions01/Gradient/RadialGradient.uasset" 42
"../../../Framework/Content/StarterContent/Particles/Materials/M_radial_ramp.uasset" 43
"../../../Framework/Content/StarterContent/Textures/T_Smoke_SubUV.uasset" 44
"../../../Framework/Content/StarterContent/Textures/T_Smoke_Tiled_D.uasset" 45
"../../../Framework/Content/StarterContent/Particles/Materials/M_smoke_subUV.uasset" 46
"../../../Framework/Content/StarterContent/Particles/P_Explosion.uasset" 47
"../../../Framework/Content/StarterContent/Textures/T_Fire_SubUV.uasset" 48
"../../../Framework/Content/StarterContent/Textures/T_Fire_Tiled_D.uasset" 49
"../../../Framework/Content/StarterContent/Particles/Materials/M_Fire_SubUV.uasset" 50
"../../../Framework/Content/StarterContent/Textures/T_Water_N.uasset" 51
"../../../Framework/Content/StarterContent/Particles/Materials/M_Heat_Distortion.uasset" 52
"../../../Framework/Content/StarterContent/Particles/Materials/M_Radial_Gradient.uasset" 53
"../../../Framework/Content/StarterContent/Particles/P_Fire.uasset" 54
"../../../Framework/Content/StarterContent/Particles/P_Smoke.uasset" 55
"../../../Framework/Content/StarterContent/Materials/M_Glass.uasset" 56
"../../../Framework/Content/StarterContent/Textures/T_Door_M.uasset" 57
"../../../Framework/Content/StarterContent/Textures/T_Door_N.uasset" 58
"../../../Framework/Content/StarterContent/Props/Materials/M_Door.uasset" 59
"../../../Framework/Content/StarterContent/Props/SM_Door.uasset" 60
"../../../Framework/Content/StarterContent/Textures/T_Shelf_M.uasset" 61
"../../../Framework/Content/ThirdPerson/Meshes/RampMaterial.uasset" 62
"../../../Framework/Content/ThirdPerson/Meshes/Bump_StaticMesh.uasset" 63
"../../../Framework/Content/ThirdPerson/Meshes/LeftArm_StaticMesh.uasset" 64
"../../../Framework/Content/ThirdPerson/Meshes/Linear_Stair_StaticMesh.uasset" 65
"../../../Framework/Content/ThirdPerson/Meshes/Ramp_StaticMesh.uasset" 66
"../../../Framework/Content/ThirdPerson/Meshes/RightArm_StaticMesh.uasset" 67
"../../../Framework/Content/ThirdPerson/Meshes/Swords/Material_001.uasset" 68
"../../../Framework/Content/ThirdPerson/Meshes/Swords/Material_002.uasset" 69
"../../../Framework/Content/ThirdPerson/Meshes/Swords/Material_003.uasset" 70
"../../../Framework/Content/ThirdPerson/Meshes/Swords/silver_dark.uasset" 71
"../../../Framework/Content/ThirdPerson/Meshes/Swords/Medieval_sword.uasset" 72
"../../../Framework/Content/ThirdPerson/PhysicalMaterial.uasset" 73
"../../../Framework/Content/ThirdPersonCPP/Maps/ThirdPersonExampleMap.umap" 74
"../../../Engine/Content/EngineMaterials/DefaultMaterial.uasset" 75
"../../../Engine/Content/EngineMaterials/DefaultDiffuse.uasset" 76
"../../../Engine/Content/EngineMaterials/DefaultNormal.uasset" 77
"../../../Engine/Content/Maps/Entry.umap" 78
"../../../Engine/Content/EngineFonts/Roboto.uasset" 79
"../../../Engine/Content/Functions/Engine_MaterialFunctions01/Shading/PowerToRoughness.uasset" 80
"../../../Engine/Content/Functions/Engine_MaterialFunctions01/Shading/ConvertFromDiffSpec.uasset" 81
"../../../Engine/Content/EngineMaterials/DefaultDeferredDecalMaterial.uasset" 82
"../../../Engine/Content/EngineMaterials/DefaultLightFunctionMaterial.uasset" 83
"../../../Engine/Content/Functions/Engine_MaterialFunctions02/Utility/BreakOutFloat2Components.uasset" 84
"../../../Engine/Content/EngineMaterials/DefaultPostProcessMaterial.uasset" 85
"../../../Engine/Content/EngineResources/DefaultTexture.uasset" 86
"../../../Engine/Content/Functions/Engine_MaterialFunctions02/Texturing/ScreenAlignedUVs.uasset" 87
"../../../Engine/Content/EngineResources/WhiteSquareTexture.uasset" 88
"../../../Engine/Content/EngineMaterials/Widget3DPassThrough.uasset" 89
"../../../Engine/Content/EngineMaterials/Widget3DPassThrough_Translucent.uasset" 90
"../../../Engine/Content/EngineMaterials/Widget3DPassThrough_Translucent_OneSided.uasset" 91
"../../../Engine/Content/EngineMaterials/Widget3DPassThrough_Opaque.uasset" 92
"../../../Engine/Content/EngineMaterials/Widget3DPassThrough_Opaque_OneSided.uasset" 93
"../../../Engine/Content/EngineMaterials/Widget3DPassThrough_Masked.uasset" 94
"../../../Engine/Content/EngineMaterials/Widget3DPassThrough_Masked_OneSided.uasset" 95
"../../../Engine/Content/EditorResources/S_Actor.uasset" 96
"../../../Engine/Content/Maps/Templates/Thumbnails/Default.uasset" 97
"../../../Engine/Content/EditorMaterials/ParticleSystems/PSysThumbnail_NoImage.uasset" 98
"../../../Engine/Content/EditorMaterials/ParticleSystems/PSysThumbnail_OOD.uasset" 99
"../../../Engine/Content/EditorLandscapeResources/DataLayer.uasset" 100
"../../../Engine/Content/EngineDamageTypes/DmgTypeBP_Environmental.uasset" 101
"../../../Engine/Content/EngineMeshes/Sphere.uasset" 102
"../../../Engine/Content/EngineMaterials/DefaultTextMaterialOpaque.uasset" 103
"../../../Engine/Content/EditorResources/S_Trigger.uasset" 104
"../../../Engine/Content/EngineResources/GradientTexture0.uasset" 105
"../../../Engine/Content/EngineResources/Black.uasset" 106
"../../../Engine/Content/EditorMaterials/MatineeGroups/MAT_Groups_Float.uasset" 107
"../../../Engine/Content/EditorMaterials/MatineeGroups/MAT_Groups_Director.uasset" 108
"../../../Engine/Content/EditorMaterials/MatineeGroups/MAT_Groups_Event.uasset" 109
"../../../Engine/Content/EditorMaterials/MatineeGroups/MAT_Groups_Anim.uasset" 110
"../../../Engine/Content/EditorMaterials/MatineeGroups/MAT_Groups_Fade.uasset" 111
"../../../Engine/Content/EditorMaterials/MatineeGroups/MAT_Groups_Move.uasset" 112
"../../../Engine/Content/EditorMaterials/MatineeGroups/MAT_Groups_Slomo.uasset" 113
"../../../Engine/Content/EditorMaterials/MatineeGroups/MAT_ColorTrack.uasset" 114
"../../../Engine/Content/EditorMaterials/MAT_Groups_Toggle.uasset" 115
"../../../Engine/Content/EditorMaterials/MatineeGroups/MAT_Groups_AudioMaster.uasset" 116
"../../../Engine/Content/EditorMaterials/MatineeGroups/MAT_Groups_Sound.uasset" 117
"../../../Engine/Content/EditorMaterials/MatineeGroups/MAT_Groups_Vector.uasset" 118
"../../../Engine/Content/EditorMaterials/MAT_Groups_Visibility.uasset" 119
"../../../Engine/Content/EngineResources/DefaultTextureCube.uasset" 120
"../../../Engine/Content/EngineMeshes/Cylinder.uasset" 121
"../../../Engine/Content/EngineTireTypes/DefaultTireType.uasset" 122
"../../../Engine/Content/EngineResources/AICON-Red.uasset" 123
"../../../Engine/Content/EngineResources/AICON-Green.uasset" 124
"../../../Engine/Content/Tutorial/Basics/LevelEditorAttract.uasset" 125
"../../../Engine/Content/Tutorial/Basics/TutorialAssets/icon_tab_Levels_40x.uasset" 126
"../../../Engine/Content/Tutorial/Basics/LevelEditorOverview.uasset" 127
"../../../Engine/Content/Tutorial/ContentIntroCurve.uasset" 128
"../../../Engine/Plugins/2D/Paper2D/Content/PlaceholderTextures/DummySpriteTexture.uasset" 129
"../../../Engine/Plugins/2D/Paper2D/Content/DefaultSpriteMaterial.uasset" 130
"../../../Engine/Plugins/2D/Paper2D/Content/MaskedUnlitSpriteMaterial.uasset" 131
"../../../Engine/Plugins/2D/Paper2D/Content/OpaqueUnlitSpriteMaterial.uasset" 132
"../../../Engine/Plugins/2D/Paper2D/Content/DummySpriteTexture.uasset" 133
"../../../Engine/Plugins/2D/Paper2D/Content/DummySprite.uasset" 134
"../../../Engine/Plugins/2D/Paper2D/Content/DefaultPaperTerrainMaterial.uasset" 135
"../../../Engine/Content/Functions/MaterialLayerFunctions/MatLayerBlend_NormalBlend.uasset" 136
"../../../Engine/Content/Functions/MaterialLayerFunctions/MatLayerBlend_Simple.uasset" 137
"../../../Framework/Content/Mannequin/Character/Materials/MaterialLayers/T_ML_Rubber_Blue_01_D.uasset" 138
"../../../Framework/Content/Mannequin/Character/Materials/MaterialLayers/T_ML_Rubber_Blue_01_N.uasset" 139
"../../../Framework/Content/Mannequin/Character/Materials/MaterialLayers/ML_GlossyBlack_Latex_UE4.uasset" 140
"../../../Framework/Content/Mannequin/Character/Materials/MaterialLayers/ML_Plastic_Shiny_Beige.uasset" 141
"../../../Framework/Content/Mannequin/Character/Textures/UE4_LOGO_CARD.uasset" 142
"../../../Framework/Content/Mannequin/Character/Materials/MaterialLayers/ML_Plastic_Shiny_Beige_LOGO.uasset" 143
"../../../Framework/Content/Mannequin/Character/Materials/MaterialLayers/T_ML_Aluminum01.uasset" 144
"../../../Framework/Content/Mannequin/Character/Materials/MaterialLayers/T_ML_Aluminum01_N.uasset" 145
"../../../Framework/Content/Mannequin/Character/Materials/MaterialLayers/ML_SoftMetal_UE4.uasset" 146
"../../../Framework/Content/Mannequin/Character/Textures/UE4_Mannequin__normals.uasset" 147
"../../../Framework/Content/Mannequin/Character/Textures/UE4_Mannequin_MAT_MASKA.uasset" 148
"../../../Framework/Content/Mannequin/Character/Materials/M_UE4Man_Body.uasset" 149
"../../../Framework/Content/Mannequin/Character/Textures/UE4Man_Logo_N.uasset" 150
"../../../Framework/Content/Mannequin/Character/Materials/M_UE4Man_ChestLogo.uasset" 151
"../../../Framework/Content/Mannequin/Character/Mesh/SK_Mannequin_PhysicsAsset.uasset" 152
"../../../Framework/Content/Mannequin/Character/Mesh/SK_Mannequin.uasset" 153
"../../../Framework/Content/Mannequin/Character/Mesh/UE4_Mannequin_Skeleton.uasset" 154
"../../../Framework/Content/AnimStarterPack/FBX/MontageExample_End_1.uasset" 155
"../../../Framework/Content/AnimStarterPack/FBX/MontageExample_End_2.uasset" 156
"../../../Framework/Content/AnimStarterPack/FBX/MontageExample_Punch_1.uasset" 157
"../../../Framework/Content/AnimStarterPack/FBX/MontageExample_Punch_2.uasset" 158
"../../../Framework/Content/AnimStarterPack/FBX/MontageExample_Start.uasset" 159
"../../../Framework/Content/ThirdPerson/PunchMontage.uasset" 160
"../../../Framework/Content/Mannequin/Animations/ThirdPerson_Jump.uasset" 161
"../../../Framework/Content/Mannequin/Animations/ThirdPersonJump_Loop.uasset" 162
"../../../Framework/Content/Mannequin/Animations/ThirdPersonJump_Start.uasset" 163
"../../../Framework/Content/Mannequin/Animations/ThirdPersonIdle.uasset" 164
"../../../Framework/Content/Mannequin/Animations/ThirdPersonRun.uasset" 165
"../../../Framework/Content/Mannequin/Animations/ThirdPersonWalk.uasset" 166
"../../../Framework/Content/Mannequin/Animations/ThirdPerson_IdleRun_2D.uasset" 167
"../../../Framework/Content/Mannequin/Animations/ThirdPerson_AnimBP.uasset" 168
"../../../Framework/Content/ThirdPerson/SM_Rock.uasset" 169
"../../../Engine/Plugins/Runtime/LeapMotionController/Content/LM_CapsuleMesh.uasset" 170
"../../../Engine/Plugins/Runtime/LeapMotionController/Content/LM_TorusMesh.uasset" 171
"../../../Engine/Plugins/Runtime/LeapMotionController/Content/LM_HandColor.uasset" 172
"../../../Engine/Plugins/Runtime/LeapMotionController/Content/LM_SampleDistortion.uasset" 173
"../../../Engine/Plugins/Runtime/LeapMotionController/Content/LM_TestTexture.uasset" 174
"../../../Engine/Plugins/Runtime/LeapMotionController/Content/LM_PassthroughMaterial.uasset" 175
"../../../Engine/Content/EngineMaterials/RemoveSurfaceMaterial.uasset" 176
"../../../Engine/Content/EngineDebugMaterials/DebugMeshMaterial.uasset" 177
"../../../Engine/Content/EngineMaterials/InvalidLightmapSettings.uasset" 178
"../../../Engine/Content/EngineMaterials/M_InvalidLightmapSettings.uasset" 179
"../../../Engine/Content/EditorMaterials/GizmoMaterial.uasset" 180
"../../../Engine/Content/EngineMaterials/Good64x64TilingNoiseHighFreq.uasset" 181
"../../../Engine/Content/EngineMaterials/DefaultBokeh.uasset" 182
"../../../Engine/Content/EngineMaterials/PreintegratedSkinBRDF.uasset" 183
"../../../Engine/Content/EngineMaterials/MiniFont.uasset" 184
"../../../Engine/Content/EngineMaterials/WeightMapPlaceholderTexture.uasset" 185
"../../../Engine/Content/EngineMaterials/DefaultWhiteGrid.uasset" 186
"../../../Engine/Content/EngineMaterials/DefaultPhysicalMaterial.uasset" 187
"../../../Engine/Content/EngineFonts/RobotoTiny.uasset" 188
"../../../Framework/Content/StarterContent/Shapes/Shape_WideCapsule.uasset" 189
"../../../Framework/Content/StarterContent/Shapes/Shape_Wedge_A.uasset" 190
"../../../Framework/Content/StarterContent/Shapes/Shape_Wedge_B.uasset" 191
"../../../Framework/Content/StarterContent/Shapes/Shape_TriPyramid.uasset" 192
"../../../Framework/Content/StarterContent/Shapes/Shape_Tube.uasset" 193
"../../../Engine/Content/MobileResources/HUD/MobileHUDButton2_off.uasset" 194
"../../../Engine/Content/MobileResources/HUD/MobileHUDDirectionStick.uasset" 195
"../../../Engine/Content/MobileResources/HUD/MobileHUDButton3.uasset" 196
"../../../Framework/Content/StarterContent/Shapes/Shape_Cone.uasset" 197
"../../../Framework/Content/StarterContent/Shapes/Shape_Cube.uasset" 198
"../../../Framework/Content/StarterContent/Shapes/Shape_Cylinder.uasset" 199
"../../../Framework/Content/StarterContent/Shapes/Shape_NarrowCapsule.uasset" 200
"../../../Framework/Content/StarterContent/Shapes/Shape_Pipe.uasset" 201
"../../../Framework/Content/StarterContent/Shapes/Shape_Pipe_180.uasset" 202
"../../../Framework/Content/StarterContent/Shapes/Shape_Pipe_90.uasset" 203
"../../../Framework/Content/StarterContent/Shapes/Shape_Plane.uasset" 204
"../../../Framework/Content/StarterContent/Shapes/Shape_QuadPyramid.uasset" 205
"../../../Framework/Content/StarterContent/Shapes/Shape_Sphere.uasset" 206
"../../../Framework/Content/StarterContent/Shapes/Shape_Torus.uasset" 207
"../../../Framework/Content/StarterContent/Shapes/Shape_Trim.uasset" 208
"../../../Framework/Content/StarterContent/Shapes/Shape_Trim_90_In.uasset" 209
"../../../Framework/Content/StarterContent/Shapes/Shape_Trim_90_Out.uasset" 210
"../../../Engine/Content/MobileResources/T_MobileControls_texture.uasset" 211
"../../../Engine/Content/MobileResources/HUD/VirtualJoystick_Background.uasset" 212
"../../../Engine/Content/MobileResources/HUD/VirtualJoystick_Thumb.uasset" 213
"../../../Engine/Content/MobileResources/HUD/LeftVirtualJoystickOnly.uasset" 214
"../../../Engine/Content/MobileResources/HUD/T_Castle_ThumbstickOutter.uasset" 215
"../../../Engine/Content/MobileResources/HUD/MobileHUDButton1_on.uasset" 216
"../../../Engine/Content/Functions/Engine_MaterialFunctions01/Opacity/AlphaOffset.uasset" 217
"../../../Framework/Content/StarterContent/Textures/T_MacroVariation.uasset" 218
"../../../Framework/Content/StarterContent/Textures/T_Wood_Floor_Walnut_D.uasset" 219
"../../../Framework/Content/StarterContent/Textures/T_Wood_Floor_Walnut_M.uasset" 220
"../../../Framework/Content/StarterContent/Textures/T_Wood_Floor_Walnut_N.uasset" 221
"../../../Framework/Content/StarterContent/Materials/M_Wood_Floor_Walnut_Worn.uasset" 222
"../../../Framework/Content/StarterContent/Textures/T_Wood_Oak_D.uasset" 223
"../../../Framework/Content/StarterContent/Textures/T_Wood_Oak_N.uasset" 224
"../../../Framework/Content/StarterContent/Materials/M_Wood_Oak.uasset" 225
"../../../Framework/Content/StarterContent/Textures/T_Perlin_Noise_M.uasset" 226
"../../../Framework/Content/StarterContent/Textures/T_Wood_Pine_D.uasset" 227
"../../../Framework/Content/StarterContent/Textures/T_Wood_Pine_N.uasset" 228
"../../../Framework/Content/StarterContent/Materials/M_Wood_Pine.uasset" 229
"../../../Framework/Content/StarterContent/Textures/T_Wood_Walnut_D.uasset" 230
"../../../Framework/Content/StarterContent/Textures/T_Wood_Walnut_N.uasset" 231
"../../../Framework/Content/StarterContent/Materials/M_Wood_Walnut.uasset" 232
"../../../Engine/Content/EditorMaterials/PhAT_JointLimitMaterial.uasset" 233
"../../../Engine/Content/EditorMaterials/PreviewShadowIndicator.uasset" 234
"../../../Engine/Content/EditorMaterials/PreviewShadowIndicatorMaterial.uasset" 235
"../../../Engine/Content/EditorMeshes/ColorCalibrator/M_ChromeBall.uasset" 236
"../../../Engine/Content/EditorMeshes/ColorCalibrator/M_ClearCoat.uasset" 237
"../../../Engine/Content/EditorMeshes/ColorCalibrator/M_ClearCoatBlack.uasset" 238
"../../../Engine/Content/EditorMeshes/ColorCalibrator/T_ColorGrid.uasset" 239
"../../../Engine/Content/EditorMeshes/ColorCalibrator/M_ColorGrid.uasset" 240
"../../../Engine/Content/EditorMeshes/ColorCalibrator/M_GreyBall.uasset" 241
"../../../Engine/Content/EditorMeshes/ColorCalibrator/SM_ColorCalibrator.uasset" 242
"../../../Engine/Content/EditorResources/BSPVertex.uasset" 243
"../../../Engine/Content/EditorResources/EmptyActor.uasset" 244
"../../../Engine/Content/EngineDebugMaterials/HeatmapGradient.uasset" 245
"../../../Engine/Content/EngineDebugMaterials/BoneWeightMaterial.uasset" 246
"../../../Engine/Content/EngineDebugMaterials/GeomMaterial.uasset" 247
"../../../Engine/Content/EngineMaterials/EditorBrushMaterial.uasset" 248
"../../../Engine/Content/MobileResources/T_MobileMenu2.uasset" 249
"../../../Engine/Content/MobileResources/HUD/AnalogHat.uasset" 250
"../../../Engine/Content/MobileResources/HUD/DefaultVirtualJoysticks.uasset" 251
"../../../Engine/Content/MobileResources/HUD/MobileHUDButton1_off.uasset" 252
"../../../Engine/Content/MobileResources/HUD/MobileHUDButton2_on.uasset" 253
"../../../Engine/Content/MobileResources/HUD/MobileHUDButtonFire.uasset" 254
"../../../Engine/Content/MobileResources/HUD/MobileHUDDirectionPad.uasset" 255
"../../../Engine/Content/MobileResources/HUD/MobileHUDDirectionPad2.uasset" 256
"../../../Engine/Content/MobileResources/HUD/MobileHUDDirectionPad3.uasset" 257
"../../../Engine/Content/MobileResources/HUD/T_Castle_ThumbstickInner.uasset" 258
"../../../Engine/Content/Tutorial/BlueprintTutorials/TutorialAssets/Blueprint_64x.uasset" 259
"../../../Engine/Content/Tutorial/BlueprintTutorials/BlueprintEditorTutorial.uasset" 260
"../../../Engine/Content/Tutorial/BlueprintTutorials/TutorialAssets/BlueprintInterface_64x.uasset" 261
"../../../Engine/Content/Tutorial/BlueprintTutorials/TutorialAssets/Tutorial_BP_Interface.uasset" 262
"../../../Engine/Content/Tutorial/BlueprintTutorials/BlueprintInterfacesEditorOverview.uasset" 263
"../../../Engine/Content/Tutorial/BlueprintTutorials/TutorialAssets/BlueprintMacroLibrary_64x.uasset" 264
"../../../Engine/Content/Tutorial/BlueprintTutorials/TutorialAssets/Tutorial_BP_MacroLib.uasset" 265
"../../../Engine/Content/Tutorial/BlueprintTutorials/BlueprintMacroLibrariesEditorOverview.uasset" 266
"../../../Engine/Content/Tutorial/BlueprintTutorials/LevelBlueprintEditorOverview.uasset" 267
"../../../Engine/Content/Tutorial/Foliage/TutorialAssets/Foliage.uasset" 268
"../../../Engine/Content/Tutorial/Foliage/Foliage_Settings_Tutorial.uasset" 269
"../../../Engine/Content/Tutorial/Foliage/Foliage_Using_The_Tool_Tutorial.uasset" 270
"../../../Engine/Content/Tutorial/Foliage/Foliage_Intro_Tutorial.uasset" 271
"../../../Engine/Content/Tutorial/Landscape/TutorialAssets/Landscape.uasset" 272
"../../../Engine/Content/Tutorial/Landscape/Landscape_Painting_Mode.uasset" 273
"../../../Engine/Content/Tutorial/Landscape/Landscape_Sculpt_Mode.uasset" 274
"../../../Engine/Content/Tutorial/Landscape/Landscape_Manage_Mode.uasset" 275
"../../../Engine/Content/Tutorial/Paper2D/TutorialAssets/Paper2DFlipbook_TutorialIcon.uasset" 276
"../../../Engine/Content/Tutorial/Paper2D/FlipbookEditorTutorial.uasset" 277
"../../../Engine/Content/Tutorial/Paper2D/TutorialAssets/Paper2DSprite_TutorialIcon.uasset" 278
"../../../Engine/Content/Tutorial/Paper2D/SpriteEditorTutorial.uasset" 279
"../../../Engine/Content/EditorMeshes/EditorCube.uasset" 280
"../../../Engine/Content/Tutorial/SubEditors/TutorialAssets/Tutorial_DM.uasset" 281
"../../../Engine/Content/Tutorial/SubEditors/DestructibleMeshEditorTutorial.uasset" 282
"../../../Engine/Content/Tutorial/SubEditors/TutorialAssets/TutorialMaterial.uasset" 283
"../../../Engine/Content/Tutorial/SubEditors/MaterialEditorTutorial.uasset" 284
"../../../Engine/Content/Tutorial/SubEditors/TutorialAssets/T_SmokeSubUV_8X8.uasset" 285
"../../../Engine/Content/Tutorial/SubEditors/TutorialAssets/T_soft_smoke.uasset" 286
"../../../Engine/Content/Tutorial/SubEditors/TutorialAssets/M_smoke_subUV_blackbody.uasset" 287
"../../../Engine/Content/Tutorial/SubEditors/TutorialAssets/TutorialParticleSystem.uasset" 288
"../../../Engine/Content/Tutorial/SubEditors/ParticleSystemEditorTutorial.uasset" 289
"../../../Engine/Content/Tutorial/SubEditors/TutorialAssets/icon_ShowSkeletalMeshes_40x.uasset" 290
"../../../Engine/Content/Tutorial/SubEditors/TutorialAssets/Character/TutorialTPP_Mat.uasset" 291
"../../../Engine/Content/Tutorial/SubEditors/TutorialAssets/Character/TutorialTPP_PhysicsAsset.uasset" 292
"../../../Engine/Content/Tutorial/SubEditors/TutorialAssets/Character/TutorialTPP.uasset" 293
"../../../Engine/Content/Tutorial/SubEditors/TutorialAssets/Character/TutorialTPP_Skeleton.uasset" 294
"../../../Engine/Content/Tutorial/SubEditors/TutorialAssets/Character/Tutorial_Idle.uasset" 295
"../../../Engine/Content/Tutorial/SubEditors/TutorialAssets/Character/Tutorial_Walk_Fwd.uasset" 296
"../../../Engine/Content/Tutorial/SubEditors/TutorialAssets/Character/NewBlendSpace1D.uasset" 297
"../../../Engine/Content/Tutorial/SubEditors/TutorialAssets/Character/TutorialCharacter.uasset" 298
"../../../Engine/Content/Tutorial/SubEditors/TutorialAssets/Character/TutorialTPP_AnimBlueprint.uasset" 299
"../../../Engine/Content/Tutorial/SubEditors/PersonaAnimBlueprintEditorWalkthrough.uasset" 300
"../../../Engine/Content/Tutorial/SubEditors/PersonaAnimEditorWalkthrough.uasset" 301
"../../../Engine/Content/EngineMeshes/Cube.uasset" 302
"../../../Engine/Content/Tutorial/SubEditors/StaticMeshEditorTutorial.uasset" 303
"../../../Engine/Content/Tutorial/SubEditors/TutorialAssets/icon_Editor_Preferences_General_40x.uasset" 304
"../../../Engine/Content/Functions/MaterialLayerFunctions/MatLayerBlend_AO.uasset" 305
"../../../Framework/Content/AnimStarterPack/UE4_Mannequin/Materials/MaterialLayers/T_ML_Rubber_Blue_01_D.uasset" 306
"../../../Framework/Content/AnimStarterPack/UE4_Mannequin/Materials/MaterialLayers/T_ML_Rubber_Blue_01_N.uasset" 307
"../../../Framework/Content/AnimStarterPack/UE4_Mannequin/Materials/MaterialLayers/ML_GlossyBlack_Latex_UE4.uasset" 308
"../../../Framework/Content/AnimStarterPack/UE4_Mannequin/Materials/MaterialLayers/ML_Plastic_Shiny_Beige.uasset" 309
"../../../Framework/Content/AnimStarterPack/UE4_Mannequin/Textures/UE4_LOGO_CARD.uasset" 310
"../../../Framework/Content/AnimStarterPack/UE4_Mannequin/Materials/MaterialLayers/ML_Plastic_Shiny_Beige_LOGO.uasset" 311
"../../../Framework/Content/AnimStarterPack/UE4_Mannequin/Materials/MaterialLayers/T_ML_Aluminum01.uasset" 312
"../../../Framework/Content/AnimStarterPack/UE4_Mannequin/Materials/MaterialLayers/T_ML_Aluminum01_N.uasset" 313
"../../../Framework/Content/AnimStarterPack/UE4_Mannequin/Materials/MaterialLayers/ML_SoftMetal_UE4.uasset" 314
"../../../Framework/Content/AnimStarterPack/UE4_Mannequin/Textures/UE4_Mannequin__normals.uasset" 315
"../../../Framework/Content/AnimStarterPack/UE4_Mannequin/Textures/UE4_Mannequin_MAT_MASKA.uasset" 316
"../../../Framework/Content/AnimStarterPack/UE4_Mannequin/Textures/UE4_Mannequin_occlusion_Mobile.uasset" 317
"../../../Framework/Content/AnimStarterPack/UE4_Mannequin/Materials/M_UE4Man_Body.uasset" 318
"../../../Framework/Content/AnimStarterPack/UE4_Mannequin/Textures/UE4Man_Logo_N.uasset" 319
"../../../Framework/Content/AnimStarterPack/UE4_Mannequin/Materials/M_UE4Man_ChestLogo.uasset" 320
"../../../Framework/Content/AnimStarterPack/UE4_Mannequin/Mesh/SK_Mannequin_PhysicsAsset.uasset" 321
"../../../Framework/Content/AnimStarterPack/UE4_Mannequin/Mesh/SK_Mannequin.uasset" 322
"../../../Framework/Content/AnimStarterPack/UE4_Mannequin/Mesh/UE4_Mannequin_Skeleton.uasset" 323
"../../../Framework/Content/AnimStarterPack/Aim_Space_Hip.uasset" 324
"../../../Framework/Content/AnimStarterPack/Aim_Space_Ironsights.uasset" 325
"../../../Framework/Content/AnimStarterPack/Crouch_Idle_Rifle_Ironsights.uasset" 326
"../../../Framework/Content/AnimStarterPack/Crouch_to_Stand_Rifle_Hip.uasset" 327
"../../../Framework/Content/AnimStarterPack/Crouch_to_Stand_Rifle_Ironsights.uasset" 328
"../../../Framework/Content/AnimStarterPack/Crouch_Walk_Bwd_Rifle_Ironsights.uasset" 329
"../../../Framework/Content/AnimStarterPack/Crouch_Walk_Fwd_Rifle_Ironsights.uasset" 330
"../../../Framework/Content/AnimStarterPack/Crouch_Walk_Lt_Rifle_Ironsights.uasset" 331
"../../../Framework/Content/AnimStarterPack/Crouch_Walk_Rt_Rifle_Ironsights.uasset" 332
"../../../Framework/Content/AnimStarterPack/Death_1.uasset" 333
"../../../Framework/Content/AnimStarterPack/Death_2.uasset" 334
"../../../Framework/Content/AnimStarterPack/Death_3.uasset" 335
"../../../Framework/Content/AnimStarterPack/Death_Ironsights_1.uasset" 336
"../../../Framework/Content/AnimStarterPack/Death_Ironsights_2.uasset" 337
"../../../Framework/Content/AnimStarterPack/Equip_Pistol_Standing.uasset" 338
"../../../Framework/Content/AnimStarterPack/Equip_Rifle_Standing.uasset" 339
"../../../Framework/Content/AnimStarterPack/Fire_Rifle_Hip.uasset" 340
"../../../Framework/Content/AnimStarterPack/Fire_Rifle_Ironsights.uasset" 341
"../../../Framework/Content/AnimStarterPack/Fire_Shotgun_Hip.uasset" 342
"../../../Framework/Content/AnimStarterPack/Fire_Shotgun_Ironsights.uasset" 343
"../../../Framework/Content/AnimStarterPack/Hit_React_1.uasset" 344
"../../../Framework/Content/AnimStarterPack/Hit_React_2.uasset" 345
"../../../Framework/Content/AnimStarterPack/Hit_React_3.uasset" 346
"../../../Framework/Content/AnimStarterPack/Hit_React_4.uasset" 347
"../../../Framework/Content/AnimStarterPack/Idle_Pistol.uasset" 348
"../../../Framework/Content/AnimStarterPack/Idle_Rifle_Hip_Break1.uasset" 349
"../../../Framework/Content/AnimStarterPack/Idle_Rifle_Hip_Break2.uasset" 350
"../../../Framework/Content/AnimStarterPack/Idle_Rifle_Ironsights.uasset" 351
"../../../Framework/Content/AnimStarterPack/Jump_From_Stand_Ironsights.uasset" 352
"../../../Framework/Content/AnimStarterPack/Prone_Death_1.uasset" 353
"../../../Framework/Content/AnimStarterPack/Prone_Death_2.uasset" 354
"../../../Framework/Content/AnimStarterPack/Prone_Fire_1.uasset" 355
"../../../Framework/Content/AnimStarterPack/Prone_Fire_2.uasset" 356
"../../../Framework/Content/AnimStarterPack/Prone_Idle.uasset" 357
"../../../Framework/Content/AnimStarterPack/Prone_Reload_Rifle.uasset" 358
"../../../Framework/Content/AnimStarterPack/Prone_Reload_Shotgun.uasset" 359
"../../../Framework/Content/AnimStarterPack/Prone_To_Stand.uasset" 360
"../../../Framework/Content/AnimStarterPack/Reload_Pistol.uasset" 361
"../../../Framework/Content/AnimStarterPack/Reload_Rifle_Hip.uasset" 362
"../../../Framework/Content/AnimStarterPack/Reload_Rifle_Ironsights.uasset" 363
"../../../Framework/Content/AnimStarterPack/Reload_Shotgun_Hip.uasset" 364
"../../../Framework/Content/AnimStarterPack/Reload_Shotgun_Ironsights.uasset" 365
"../../../Framework/Content/AnimStarterPack/Sprint_Fwd_Rifle.uasset" 366
"../../../Framework/Content/AnimStarterPack/Stand_to_Crouch_Rifle_Hip.uasset" 367
"../../../Framework/Content/AnimStarterPack/Stand_to_Crouch_Rifle_Ironsights.uasset" 368
"../../../Framework/Content/AnimStarterPack/Stand_To_Prone.uasset" 369
"../../../Framework/Content/AnimStarterPack/Walk_Bwd_Rifle_Ironsights.uasset" 370
"../../../Framework/Content/AnimStarterPack/Walk_Fwd_Rifle_Ironsights.uasset" 371
"../../../Framework/Content/AnimStarterPack/Walk_Lt_Rifle_Ironsights.uasset" 372
"../../../Framework/Content/AnimStarterPack/Walk_Rt_Rifle_Ironsights.uasset" 373
"../../../Framework/Content/AnimStarterPack/FBX/ThirdPersonIdle.uasset" 374
"../../../Framework/Content/AnimStarterPack/FBX/ThirdPersonJump_End.uasset" 375
"../../../Framework/Content/AnimStarterPack/FBX/ThirdPersonJump_Loop.uasset" 376
"../../../Framework/Content/AnimStarterPack/FBX/ThirdPersonJump_Start.uasset" 377
"../../../Framework/Content/AnimStarterPack/FBX/ThirdPersonRun.uasset" 378
"../../../Framework/Content/AnimStarterPack/FBX/ThirdPersonWalk.uasset" 379
"../../../Framework/Content/Mannequin/Animations/ThirdPersonJump_End.uasset" 380
"../../../Framework/Content/StarterContent/Materials/M_Basic_Floor.uasset" 381
"../../../Framework/Content/StarterContent/Architecture/Floor_400x400.uasset" 382
"../../../Framework/Content/StarterContent/Materials/M_AssetPlatform.uasset" 383
"../../../Framework/Content/StarterContent/Architecture/SM_AssetPlatform.uasset" 384
"../../../Framework/Content/StarterContent/Architecture/Wall_400x200.uasset" 385
"../../../Framework/Content/StarterContent/Architecture/Wall_400x300.uasset" 386
"../../../Framework/Content/StarterContent/Architecture/Wall_400x400.uasset" 387
"../../../Framework/Content/StarterContent/Architecture/Wall_500x500.uasset" 388
"../../../Framework/Content/StarterContent/Architecture/Wall_Door_400x300.uasset" 389
"../../../Framework/Content/StarterContent/Architecture/Wall_Door_400x400.uasset" 390
"../../../Framework/Content/StarterContent/Architecture/Wall_Window_400x300.uasset" 391
"../../../Framework/Content/StarterContent/Architecture/Wall_Window_400x400.uasset" 392
"../../../Framework/Content/StarterContent/Audio/Collapse01.uasset" 393
"../../../Framework/Content/StarterContent/Audio/Collapse02.uasset" 394
"../../../Framework/Content/StarterContent/Audio/Collapse_Cue.uasset" 395
"../../../Framework/Content/StarterContent/Audio/Light01.uasset" 396
"../../../Framework/Content/StarterContent/Audio/Light01_Cue.uasset" 397
"../../../Framework/Content/StarterContent/Audio/Light02.uasset" 398
"../../../Framework/Content/StarterContent/Audio/Light02_Cue.uasset" 399
"../../../Framework/Content/StarterContent/Audio/Starter_Music01.uasset" 400
"../../../Framework/Content/StarterContent/Audio/Starter_Music_Cue.uasset" 401
"../../../Framework/Content/StarterContent/Textures/T_Lamp_M.uasset" 402
"../../../Framework/Content/StarterContent/Textures/T_Lamp_N.uasset" 403
"../../../Framework/Content/StarterContent/Props/Materials/M_Lamp.uasset" 404
"../../../Framework/Content/StarterContent/Props/SM_Lamp_Ceiling.uasset" 405
"../../../Framework/Content/StarterContent/Blueprints/Blueprint_CeilingLight.uasset" 406
"../../../Framework/Content/StarterContent/Audio/Explosion01.uasset" 407
"../../../Framework/Content/StarterContent/Audio/Explosion02.uasset" 408
"../../../Framework/Content/StarterContent/Audio/Explosion_Cue.uasset" 409
"../../../Framework/Content/StarterContent/Blueprints/Blueprint_Effect_Explosion.uasset" 410
"../../../Framework/Content/StarterContent/Audio/Fire01.uasset" 411
"../../../Framework/Content/StarterContent/Audio/Fire01_Cue.uasset" 412
"../../../Framework/Content/StarterContent/Blueprints/Blueprint_Effect_Fire.uasset" 413
"../../../Framework/Content/StarterContent/Audio/Smoke01_Cue.uasset" 414
"../../../Framework/Content/StarterContent/Blueprints/Blueprint_Effect_Smoke.uasset" 415
"../../../Framework/Content/StarterContent/Audio/Fire_Sparks01.uasset" 416
"../../../Framework/Content/StarterContent/Audio/Fire_Sparks01_Cue.uasset" 417
"../../../Framework/Content/StarterContent/Textures/T_Spark_Core.uasset" 418
"../../../Framework/Content/StarterContent/Particles/Materials/M_Spark.uasset" 419
"../../../Framework/Content/StarterContent/Particles/P_Sparks.uasset" 420
"../../../Framework/Content/StarterContent/Blueprints/Blueprint_Effect_Sparks.uasset" 421
"../../../Framework/Content/StarterContent/Audio/Steam01.uasset" 422
"../../../Framework/Content/StarterContent/Audio/Steam01_Cue.uasset" 423
"../../../Framework/Content/StarterContent/Particles/P_Steam_Lit.uasset" 424
"../../../Framework/Content/StarterContent/Blueprints/Blueprint_Effect_Steam.uasset" 425
"../../../Framework/Content/StarterContent/Props/SM_Lamp_Wall.uasset" 426
"../../../Framework/Content/StarterContent/Blueprints/Blueprint_WallSconce.uasset" 427
"../../../Framework/Content/StarterContent/Blueprints/Assets/FogBrightnessLUT.uasset" 428
"../../../Framework/Content/StarterContent/Blueprints/Assets/SunlightColorLUT.uasset" 429
"../../../Framework/Content/StarterContent/Blueprints/Assets/M_LightStage_Arrows.uasset" 430
"../../../Engine/Content/MapTemplates/Sky/DaylightAmbientCubemap.uasset" 431
"../../../Framework/Content/StarterContent/Blueprints/Assets/M_LightStage_Skybox_Master.uasset" 432
"../../../Framework/Content/StarterContent/Blueprints/Assets/M_LightStage_Skybox_Black.uasset" 433
"../../../Framework/Content/StarterContent/Blueprints/Assets/M_LightStage_Skybox_HDRI.uasset" 434
"../../../Engine/Content/EditorMaterials/Thumbnails/SkySphereMaterial.uasset" 435
"../../../Framework/Content/StarterContent/Blueprints/Assets/Skybox.uasset" 436
"../../../Framework/Content/StarterContent/Blueprints/Assets/SM_Arrows.uasset" 437
"../../../Framework/Content/StarterContent/HDRI/HDRI_Epic_Courtyard_Daylight.uasset" 438
"../../../Framework/Content/StarterContent/Blueprints/BP_LightStudio.uasset" 439
"../../../Framework/Content/StarterContent/Textures/T_Brick_Clay_Beveled_D.uasset" 440
"../../../Framework/Content/StarterContent/Textures/T_Brick_Clay_Beveled_M.uasset" 441
"../../../Framework/Content/StarterContent/Textures/T_Brick_Clay_Beveled_N.uasset" 442
"../../../Framework/Content/StarterContent/Materials/M_Brick_Clay_Beveled.uasset" 443
"../../../Framework/Content/StarterContent/Textures/T_Brick_Clay_New_D.uasset" 444
"../../../Framework/Content/StarterContent/Textures/T_Brick_Clay_New_M.uasset" 445
"../../../Framework/Content/StarterContent/Textures/T_Brick_Clay_New_N.uasset" 446
"../../../Framework/Content/StarterContent/Materials/M_Brick_Clay_New.uasset" 447
"../../../Framework/Content/StarterContent/Textures/T_Brick_Clay_Old_D.uasset" 448
"../../../Framework/Content/StarterContent/Textures/T_Brick_Clay_Old_N.uasset" 449
"../../../Framework/Content/StarterContent/Materials/M_Brick_Clay_Old.uasset" 450
"../../../Framework/Content/StarterContent/Textures/T_Brick_Cut_Stone_D.uasset" 451
"../../../Framework/Content/StarterContent/Textures/T_Brick_Cut_Stone_N.uasset" 452
"../../../Framework/Content/StarterContent/Materials/M_Brick_Cut_Stone.uasset" 453
"../../../Framework/Content/StarterContent/Textures/T_Brick_Hewn_Stone_D.uasset" 454
"../../../Framework/Content/StarterContent/Textures/T_Brick_Hewn_Stone_M.uasset" 455
"../../../Framework/Content/StarterContent/Textures/T_Brick_Hewn_Stone_N.uasset" 456
"../../../Framework/Content/StarterContent/Materials/M_Brick_Hewn_Stone.uasset" 457
"../../../Framework/Content/StarterContent/Textures/T_Ceramic_Tile_M.uasset" 458
"../../../Framework/Content/StarterContent/Textures/T_Ceramic_Tile_N.uasset" 459
"../../../Framework/Content/StarterContent/Textures/T_Rock_Marble_Polished_D.uasset" 460
"../../../Framework/Content/StarterContent/Materials/M_Ceramic_Tile_Checker.uasset" 461
"../../../Framework/Content/StarterContent/Textures/T_CobbleStone_Pebble_D.uasset" 462
"../../../Framework/Content/StarterContent/Textures/T_CobbleStone_Pebble_M.uasset" 463
"../../../Framework/Content/StarterContent/Textures/T_CobbleStone_Pebble_N.uasset" 464
"../../../Framework/Content/StarterContent/Materials/M_CobbleStone_Pebble.uasset" 465
"../../../Framework/Content/StarterContent/Textures/T_CobbleStone_Rough_D.uasset" 466
"../../../Framework/Content/StarterContent/Textures/T_CobbleStone_Rough_N.uasset" 467
"../../../Framework/Content/StarterContent/Textures/T_Gradinet_01.uasset" 468
"../../../Framework/Content/StarterContent/Textures/T_Rock_Smooth_Granite_D.uasset" 469
"../../../Framework/Content/StarterContent/Materials/M_CobbleStone_Rough.uasset" 470
"../../../Framework/Content/StarterContent/Textures/T_CobbleStone_Smooth_D.uasset" 471
"../../../Framework/Content/StarterContent/Textures/T_CobbleStone_Smooth_M.uasset" 472
"../../../Framework/Content/StarterContent/Textures/T_CobbleStone_Smooth_N.uasset" 473
"../../../Framework/Content/StarterContent/Materials/M_CobbleStone_Smooth.uasset" 474
"../../../Framework/Content/StarterContent/Materials/M_ColorGrid_LowSpec.uasset" 475
"../../../Framework/Content/StarterContent/Textures/T_Concrete_Grime_D.uasset" 476
"../../../Framework/Content/StarterContent/Textures/T_Metal_Rust_N.uasset" 477
"../../../Framework/Content/StarterContent/Materials/M_Concrete_Grime.uasset" 478
"../../../Framework/Content/StarterContent/Textures/T_Concrete_Panels_D.uasset" 479
"../../../Framework/Content/StarterContent/Textures/T_Concrete_Panels_N.uasset" 480
"../../../Framework/Content/StarterContent/Materials/M_Concrete_Panels.uasset" 481
"../../../Framework/Content/StarterContent/Textures/T_Concrete_Poured_D.uasset" 482
"../../../Framework/Content/StarterContent/Textures/T_Concrete_Poured_N.uasset" 483
"../../../Framework/Content/StarterContent/Materials/M_Concrete_Poured.uasset" 484
"../../../Framework/Content/StarterContent/Textures/T_Concrete_Tiles_D.uasset" 485
"../../../Framework/Content/StarterContent/Textures/T_Concrete_Tiles_M.uasset" 486
"../../../Framework/Content/StarterContent/Textures/T_Concrete_Tiles_N.uasset" 487
"../../../Framework/Content/StarterContent/Textures/T_Concrete_Tiles_Variation_M.uasset" 488
"../../../Framework/Content/StarterContent/Materials/M_Concrete_Tiles.uasset" 489
"../../../Framework/Content/StarterContent/Textures/T_Ground_Grass_D.uasset" 490
"../../../Framework/Content/StarterContent/Textures/T_Ground_Grass_N.uasset" 491
"../../../Framework/Content/StarterContent/Materials/M_Ground_Grass.uasset" 492
"../../../Framework/Content/StarterContent/Textures/T_Ground_Gravel_D.uasset" 493
"../../../Framework/Content/StarterContent/Textures/T_Ground_Gravel_N.uasset" 494
"../../../Framework/Content/StarterContent/Materials/M_Ground_Gravel.uasset" 495
"../../../Framework/Content/StarterContent/Textures/T_ground_Moss_D.uasset" 496
"../../../Framework/Content/StarterContent/Textures/T_Ground_Moss_N.uasset" 497
"../../../Framework/Content/StarterContent/Materials/M_Ground_Moss.uasset" 498
"../../../Framework/Content/StarterContent/Materials/M_Metal_Brushed_Nickel.uasset" 499
"../../../Framework/Content/StarterContent/Textures/T_Metal_Aluminum_D.uasset" 500
"../../../Framework/Content/StarterContent/Textures/T_Metal_Gold_N.uasset" 501
"../../../Framework/Content/StarterContent/Materials/M_Metal_Burnished_Steel.uasset" 502
"../../../Framework/Content/StarterContent/Materials/M_Metal_Chrome.uasset" 503
"../../../Framework/Content/StarterContent/Textures/T_Metal_Copper_D.uasset" 504
"../../../Framework/Content/StarterContent/Materials/M_Metal_Copper.uasset" 505
"../../../Framework/Content/StarterContent/Textures/T_Metal_Gold_D.uasset" 506
"../../../Framework/Content/StarterContent/Materials/M_Metal_Gold.uasset" 507
"../../../Framework/Content/StarterContent/Textures/T_Metal_Rust_D.uasset" 508
"../../../Framework/Content/StarterContent/Materials/M_Metal_Rust.uasset" 509
"../../../Framework/Content/StarterContent/Textures/T_Metal_Steel_D.uasset" 510
"../../../Framework/Content/StarterContent/Textures/T_Metal_Steel_N.uasset" 511
"../../../Framework/Content/StarterContent/Materials/M_Metal_Steel.uasset" 512
"../../../Framework/Content/StarterContent/Textures/T_Rock_Basalt_N.uasset" 513
"../../../Framework/Content/StarterContent/Materials/M_Rock_Basalt.uasset" 514
"../../../Framework/Content/StarterContent/Materials/M_Rock_Marble_Polished.uasset" 515
"../../../Framework/Content/StarterContent/Textures/T_Rock_Sandstone_D.uasset" 516
"../../../Framework/Content/StarterContent/Textures/T_Rock_Sandstone_N.uasset" 517
"../../../Framework/Content/StarterContent/Materials/M_Rock_Sandstone.uasset" 518
"../../../Framework/Content/StarterContent/Textures/T_Rock_Slate_D.uasset" 519
"../../../Framework/Content/StarterContent/Textures/T_Rock_Slate_N.uasset" 520
"../../../Framework/Content/StarterContent/Materials/M_Rock_Slate.uasset" 521
"../../../Framework/Content/StarterContent/Textures/T_Checker_Noise_M.uasset" 522
"../../../Framework/Content/StarterContent/Textures/T_Single_Tile_N.uasset" 523
"../../../Framework/Content/StarterContent/Textures/T_Tech_Dot_M.uasset" 524
"../../../Framework/Content/StarterContent/Textures/T_Tech_Dot_N.uasset" 525
"../../../Framework/Content/StarterContent/Materials/M_Tech_Checker_Dot.uasset" 526
"../../../Framework/Content/StarterContent/Textures/T_Tech_Hex_Tile_M.uasset" 527
"../../../Framework/Content/StarterContent/Textures/T_Tech_Hex_Tile_N.uasset" 528
"../../../Framework/Content/StarterContent/Materials/M_Tech_Hex_Tile.uasset" 529
"../../../Framework/Content/StarterContent/Materials/M_Tech_Hex_Tile_Pulse.uasset" 530
"../../../Framework/Content/StarterContent/Textures/T_Tech_Panel_M.uasset" 531
"../../../Framework/Content/StarterContent/Textures/T_Tech_Panel_N.uasset" 532
"../../../Framework/Content/StarterContent/Materials/M_Tech_Panel.uasset" 533
"../../../Framework/Content/StarterContent/Materials/M_Water_Lake.uasset" 534
"../../../Framework/Content/StarterContent/Textures/T_Water_M.uasset" 535
"../../../Framework/Content/StarterContent/Materials/M_Water_Ocean.uasset" 536
"../../../Framework/Content/StarterContent/Materials/M_Wood_Floor_Walnut_Polished.uasset" 537
"../../../Framework/Content/StarterContent/Props/MaterialSphere.uasset" 538
"../../../Framework/Content/StarterContent/Textures/T_Bush_D.uasset" 539
"../../../Framework/Content/StarterContent/Textures/T_Bush_N.uasset" 540
"../../../Framework/Content/StarterContent/Props/Materials/M_Bush.uasset" 541
"../../../Framework/Content/StarterContent/Props/SM_Bush.uasset" 542
"../../../Framework/Content/StarterContent/Textures/T_Chair_M.uasset" 543
"../../../Framework/Content/StarterContent/Textures/T_Chair_N.uasset" 544
"../../../Framework/Content/StarterContent/Props/Materials/M_Chair.uasset" 545
"../../../Framework/Content/StarterContent/Props/SM_Chair.uasset" 546
"../../../Framework/Content/StarterContent/Textures/T_Frame_M.uasset" 547
"../../../Framework/Content/StarterContent/Textures/T_Frame_N.uasset" 548
"../../../Framework/Content/StarterContent/Props/Materials/M_Frame.uasset" 549
"../../../Framework/Content/StarterContent/Props/SM_CornerFrame.uasset" 550
"../../../Framework/Content/StarterContent/Props/SM_Couch.uasset" 551
"../../../Framework/Content/StarterContent/Props/SM_DoorFrame.uasset" 552
"../../../Framework/Content/StarterContent/Props/SM_GlassWindow.uasset" 553
"../../../Framework/Content/StarterContent/Props/Materials/M_MaterialSphere.uasset" 554
"../../../Framework/Content/StarterContent/Props/Materials/M_MaterialSphere_Plain.uasset" 555
"../../../Framework/Content/StarterContent/Props/SM_MatPreviewMesh_02.uasset" 556
"../../../Framework/Content/StarterContent/Props/SM_PillarFrame.uasset" 557
"../../../Framework/Content/StarterContent/Props/SM_PillarFrame300.uasset" 558
"../../../Framework/Content/StarterContent/Props/SM_Rock.uasset" 559
"../../../Framework/Content/StarterContent/Textures/T_Shelf_N.uasset" 560
"../../../Framework/Content/StarterContent/Props/Materials/M_Shelf.uasset" 561
"../../../Framework/Content/StarterContent/Props/SM_Shelf.uasset" 562
"../../../Framework/Content/StarterContent/Props/SM_Stairs.uasset" 563
"../../../Framework/Content/StarterContent/Textures/T_TableRound_M.uasset" 564
"../../../Framework/Content/StarterContent/Textures/T_TableRound_N.uasset" 565
"../../../Framework/Content/StarterContent/Props/Materials/M_TableRound.uasset" 566
"../../../Framework/Content/StarterContent/Props/SM_TableRound.uasset" 567
"../../../Framework/Content/StarterContent/Props/SM_WindowFrame.uasset" 568
"../../../Framework/Content/ThirdPerson/ItemTable.uasset" 569
"../../../Framework/Content/ThirdPerson/Meshes/Medieval_sword.uasset" 570
"../../../Framework/Content/ThirdPerson/Meshes/Swords/Material.uasset" 571
"../../../Framework/Content/ThirdPerson/Meshes/Swords/Material_004.uasset" 572
